make all --print-data-base --no-builtin-variables --no-builtin-rules --question
# GNU Make 3.82
# Built for x86_64-redhat-linux-gnu
# Copyright (C) 2010  Free Software Foundation, Inc.
# License GPLv3+: GNU GPL version 3 or later <http://gnu.org/licenses/gpl.html>
# This is free software: you are free to change and redistribute it.
# There is NO WARRANTY, to the extent permitted by law.
 

# Make data base, printed on Thu Apr 22 18:12:36 2021

# Variables

# automatic
<D = $(patsubst %/,%,$(dir $<))
# automatic
?F = $(notdir $?)
# default
.SHELLFLAGS := -c
# environment
QTDIR = /usr/lib64/qt-3.3
# environment
VSCODE_AGENT_FOLDER = /home/ben.halperin/.vscode-server
# environment
VSCODE_LOG_NATIVE = false
# automatic
?D = $(patsubst %/,%,$(dir $?))
# automatic
@D = $(patsubst %/,%,$(dir $@))
# automatic
@F = $(notdir $@)
# default
MAKE_VERSION := 3.82
# makefile
CURDIR := /home/ben.halperin/OS_HW1
# makefile
SHELL = /bin/sh
# environment
VSCODE_NLS_CONFIG = {"locale":"en","availableLanguages":{}}
# environment
_ = /usr/bin/make
# makefile (from `Makefile', line 7)
HDRS := Commands.h signals.h
# makefile (from `Makefile', line 1)
MAKEFILE_LIST :=  Makefile
# environment
HISTCONTROL = ignoredups
# environment
XDG_DATA_DIRS = /home/ben.halperin/.local/share/flatpak/exports/share:/var/lib/flatpak/exports/share:/usr/local/share:/usr/share
# environment
VSCODE_VERBOSE_LOGGING = true
# makefile (from `Makefile', line 6)
OBJS = $(subst .cpp,.o,$(SRCS))
# environment
LESSOPEN = ||/usr/bin/lesspipe.sh %s
# environment
VSCODE_CWD = /home/ben.halperin
# environment
SSH_CONNECTION = 79.179.2.222 51484 132.68.32.76 22
# environment
PATH = /home/ben.halperin/.vscode-server/bin/3c4e3df9e89829dce27b7b5c24508306b151f30d/bin:/usr/bin/:/home/ben.halperin/.vscode-server/bin/3c4e3df9e89829dce27b7b5c24508306b151f30d/bin:/usr/lib64/qt-3.3/bin:/usr/bin/:/usr/local/bin:/usr/bin:/usr/local/pgsql/bin:/usr/local/sbin:/usr/sbin:/usr/local/pgsql/bin:/home/ben.halperin/bin
# makefile (from `Makefile', line 8)
TESTS_INPUTS := test_input1.txt
# environment
QT_GRAPHICSSYSTEM_CHECKED = 1
# environment
XDG_RUNTIME_DIR = /run/user/17044
# environment
VSCODE_LOG_STACK = false
# default
 
make: *** No rule to make target `all'.  Stop.
 
.FEATURES := target-specific order-only second-expansion else-if shortest-stem undefine oneshell archives jobserver check-symlink
# makefile (from `Makefile', line 9)
TESTS_OUTPUTS := test_output1.txt
# automatic
%F = $(notdir $%)
# environment
VSCODE_PIPE_LOGGING = true
# environment
PWD = /home/ben.halperin/OS_HW1
# environment
VSCODE_IPC_HOOK_CLI = /run/user/17044/vscode-ipc-b93c36ec-f7e7-420a-b6ee-d710d775938e.sock
# automatic
*D = $(patsubst %/,%,$(dir $*))
# environment
VSCODE_AMD_ENTRYPOINT = vs/server/remoteExtensionHostProcess
# environment
HOME = /home/ben.halperin
# environment
LD_LIBRARY_PATH = :/usr/local/pgsql/lib:/usr/local/pgsql/lib
# makefile (from `Makefile', line 2)
SUBMITTERS := <student1-ID>_<student2-ID>
# environment
LOGNAME = ben.halperin
# environment
APPLICATION_INSIGHTS_NO_DIAGNOSTIC_CHANNEL = true
# automatic
+F = $(notdir $+)
# environment
VSCODE_HANDLES_UNCAUGHT_ERRORS = true
# automatic
^D = $(patsubst %/,%,$(dir $^))
# environment
HOSTNAME = csl3
# environment
MAKELEVEL := 0
# default
MAKE = $(MAKE_COMMAND)
# default
MAKECMDGOALS := all
# makefile (from `Makefile', line 4)
COMPILER_FLAGS := --std=c++11 -Wall -g
# makefile (from `Makefile', line 5)
SRCS := Commands.cpp signals.cpp smash.cpp
# environment
SHLVL = 5
# environment
XDG_SESSION_ID = 6069
# environment
USER = ben.halperin
# environment
QTLIB = /usr/lib64/qt-3.3/lib
# automatic
%D = $(patsubst %/,%,$(dir $%))
# default
MAKE_COMMAND := make
# default
.VARIABLES := 
# automatic
*F = $(notdir $*)
# makefile
MAKEFLAGS = Rrqp
# environment
MFLAGS = -Rrqp
# environment
SSH_CLIENT = 79.179.2.222 51484 22
# environment
MAIL = /var/spool/mail/ben.halperin
# automatic
+D = $(patsubst %/,%,$(dir $+))
# environment
BROWSER = /home/ben.halperin/.vscode-server/bin/3c4e3df9e89829dce27b7b5c24508306b151f30d/bin/helpers/browser.sh
# makefile (from `Makefile', line 3)
COMPILER := g++
# default
MAKEFILES := 
# automatic
<F = $(notdir $<)
# makefile (from `Makefile', line 10)
SMASH_BIN := smash
# automatic
^F = $(notdir $^)
# default
SUFFIXES := 
# environment
HISTSIZE = 1000
# default
.INCLUDE_DIRS = /usr/include /usr/local/include /usr/include
# environment
VSCODE_INJECT_NODE_MODULE_LOOKUP_PATH = /home/ben.halperin/.vscode-server/bin/3c4e3df9e89829dce27b7b5c24508306b151f30d/remote/node_modules
# environment
QTINC = /usr/lib64/qt-3.3/include
# default
.RECIPEPREFIX := 
# makefile
.DEFAULT_GOAL := test
# environment
LANG = en_US.UTF-8
# environment
VSCODE_EXTHOST_WILL_SEND_SOCKET = true
# variable set hash-table stats:
# Load=78/1024=8%, Rehash=0, Collisions=16/112=14%

# Pattern-specific Variable Values

# No pattern-specific variable values.

# Directories

# . (device 51, inode 87592270): 18 files, no impossibilities.

# 18 files, no impossibilities in 1 directories.

# Implicit Rules

# No implicit rules.

# Files

# Not a target:
test_input1.txt:
#  Implicit rule search has not been done.
#  Modification time never checked.
#  File has not been updated.

# Not a target:
all:
#  Command line target.
#  Implicit rule search has been done.
#  File does not exist.
#  File has not been updated.

zip: Commands.cpp signals.cpp smash.cpp Commands.h signals.h
#  Implicit rule search has not been done.
#  Modification time never checked.
#  File has not been updated.
#  recipe to execute (from `Makefile', line 27):
	zip $(SUBMITTERS).zip $^ submitters.txt Makefile

# Not a target:
test_expected_output1.txt:
#  Implicit rule search has not been done.
#  Modification time never checked.
#  File has not been updated.

# Not a target:
.SUFFIXES:
#  Implicit rule search has not been done.
#  Modification time never checked.
#  File has not been updated.

# Not a target:
Makefile:
#  Implicit rule search has been done.
#  Last modified 2021-04-22 18:04:39.683216
#  File has been updated.
#  Successfully updated.

# Not a target:
signals.h:
#  Implicit rule search has not been done.
#  Modification time never checked.
#  File has not been updated.

# Not a target:
Commands.h:
#  Implicit rule search has not been done.
#  Modification time never checked.
#  File has not been updated.

test: test_output1.txt
#  Implicit rule search has not been done.
#  Modification time never checked.
#  File has not been updated.

# Not a target:
signals.cpp:
#  Implicit rule search has not been done.
#  Modification time never checked.
#  File has not been updated.

# Not a target:
Commands.cpp:
#  Implicit rule search has not been done.
#  Modification time never checked.
#  File has not been updated.

# Not a target:
smash.cpp:
#  Implicit rule search has not been done.
#  Modification time never checked.
#  File has not been updated.

# Not a target:
.DEFAULT:
#  Implicit rule search has not been done.
#  Modification time never checked.
#  File has not been updated.

clean:
#  Implicit rule search has not been done.
#  Modification time never checked.
#  File has not been updated.
#  recipe to execute (from `Makefile', line 30):
	rm -rf $(SMASH_BIN) $(OBJS) $(TESTS_OUTPUTS) 
	rm -rf $(SUBMITTERS).zip

signals.o: signals.cpp
#  Implicit rule search has not been done.
#  Implicit/static pattern stem: `signals'
#  Modification time never checked.
#  File has not been updated.
#  recipe to execute (from `Makefile', line 24):
	$(COMPILER) $(COMPILER_FLAGS) -c $^

Commands.o: Commands.cpp
#  Implicit rule search has not been done.
#  Implicit/static pattern stem: `Commands'
#  Modification time never checked.
#  File has not been updated.
#  recipe to execute (from `Makefile', line 24):
	$(COMPILER) $(COMPILER_FLAGS) -c $^

smash: Commands.o signals.o smash.o
#  Implicit rule search has not been done.
#  Modification time never checked.
#  File has not been updated.
#  recipe to execute (from `Makefile', line 21):
	$(COMPILER) $(COMPILER_FLAGS) $^ -o $@

smash.o: smash.cpp
#  Implicit rule search has not been done.
#  Implicit/static pattern stem: `smash'
#  Modification time never checked.
#  File has not been updated.
#  recipe to execute (from `Makefile', line 24):
	$(COMPILER) $(COMPILER_FLAGS) -c $^

test_output1.txt: test_input1.txt test_expected_output1.txt smash
#  Implicit rule search has not been done.
#  Implicit/static pattern stem: `1'
#  Modification time never checked.
#  File has not been updated.
#  recipe to execute (from `Makefile', line 16):
	./$(SMASH_BIN) < $(word 1, $^) > $@
	diff $@ $(word 2, $^)
	echo $(word 1, $^) ++PASSED++

# files hash-table stats:
# Load=19/1024=2%, Rehash=0, Collisions=0/50=0%
# VPATH Search Paths

# No `vpath' search paths.

# No general (`VPATH' variable) search path.

# # of strings in strcache: 0 / lookups = 69 / hits = 69
# # of strcache buffers: 1 (* 8176 B/buffer = 8176 B)
# strcache used: total = 0 (346) / max = 0 / min = 8176 / avg = 0
# strcache free: total = 0 (7830) / max = 0 / min = 8176 / avg = 0

# strcache hash-table stats:
# Load=34/8192=0%, Rehash=0, Collisions=1/69=1%
# Finished Make data base on Thu Apr 22 18:12:36 2021

 
